"FreeRTOS Task Aware Debugger for GDB" version 1.0.6 (201807131518)
(c) 2016-2018 NXP Semiconductors, Inc.
==================================
20:06:07.712 INFO: [TadModel] DSF session ID 7 has started.
20:06:14.533 INFO: [TadState] TAD state changed:  DEBUG_STARTED -> DEBUG_INIT_0 (SUSPENDED, USER_REQUEST)
20:06:16.402 INFO: [TadState] TAD state changed:  DEBUG_INIT_0 -> DEBUG_INIT_1 (RESUMED, USER_REQUEST)
20:06:16.682 INFO: [TadState] TAD state changed:  DEBUG_INIT_1 -> DEBUG_SUSPENDED (SUSPENDED, BREAKPOINT)
20:06:32.960 INFO: [TadState] TAD state changed:  DEBUG_SUSPENDED -> DEBUG_RESUMED (RESUMED, USER_REQUEST)
20:06:34.974 INFO: [TadState] TAD state changed:  DEBUG_RESUMED -> READY (SUSPENDED, SIGNAL)
20:06:37.944 INFO: [Benchmark] Loading data for "Task List" has started.
20:06:39.247 INFO: [FreeRTOS] FreeRTOS macro "configSUPPORT_STATIC_ALLOCATION" is disabled.
20:06:43.218 INFO: [FreeRTOS] FreeRTOS macro "configGENERATE_RUN_TIME_STATS" is disabled.
20:06:45.54 INFO: [Benchmark] Loading data for "Task List" took 7110 ms.
20:06:52.462 INFO: [TadState] TAD state changed:  READY -> DEBUG_RESUMED (RESUMED, USER_REQUEST)
20:07:16.77 INFO: [TadState] TAD state changed:  DEBUG_RESUMED -> READY (SUSPENDED, BREAKPOINT)
20:07:16.78 INFO: [Benchmark] Loading data for "Task List" has started.
20:07:22.514 INFO: [Benchmark] Loading data for "Task List" took 6436 ms.
20:08:01.451 INFO: [TadState] TAD state changed:  READY -> DEBUG_RESUMED (RESUMED, USER_REQUEST)
20:08:01.818 INFO: [TadState] TAD state changed:  DEBUG_RESUMED -> READY (SUSPENDED, BREAKPOINT)
20:08:01.818 INFO: [Benchmark] Loading data for "Task List" has started.
20:08:08.593 INFO: [Benchmark] Loading data for "Task List" took 6775 ms.
20:08:26.936 INFO: [TadState] TAD state changed:  READY -> DEBUG_RESUMED (RESUMED, USER_REQUEST)
20:08:27.281 INFO: [TadState] TAD state changed:  DEBUG_RESUMED -> READY (SUSPENDED, BREAKPOINT)
20:08:27.281 INFO: [Benchmark] Loading data for "Task List" has started.
20:08:34.460 INFO: [Benchmark] Loading data for "Task List" took 7179 ms.
20:09:06.658 INFO: [TadState] TAD state changed:  READY -> DEBUG_RESUMED (RESUMED, USER_REQUEST)
20:09:07.12 INFO: [TadState] TAD state changed:  DEBUG_RESUMED -> READY (SUSPENDED, BREAKPOINT)
20:09:07.13 INFO: [Benchmark] Loading data for "Task List" has started.
20:09:13.426 INFO: [Benchmark] Loading data for "Task List" took 6413 ms.
20:09:39.960 INFO: [Benchmark] Loading data for "Task List" has started.
20:09:39.960 INFO: [Benchmark] Loaded data for "Task List" from cache.
20:09:55.96 INFO: [TadState] TAD state changed:  READY -> DEBUG_RESUMED (RESUMED, USER_REQUEST)
20:09:58.546 INFO: [TadState] TAD state changed:  DEBUG_RESUMED -> READY (SUSPENDED, SIGNAL)
20:09:58.546 INFO: [Benchmark] Loading data for "Task List" has started.
20:10:01.733 INFO: [TadState] TAD state changed:  READY -> DEBUG_RESUMED (RESUMED, USER_REQUEST)
20:10:02.735 ERROR: [TadFactory] Reading exception during: "readIntAtAddressSafely(0x020051e8, QueueDefinition.uxItemSize)"
20:10:03.737 ERROR: [TadFactory] Reading exception during: "readLongAtAddressSafely(0x020051e8, QueueDefinition.pcHead)"
20:10:04.738 ERROR: [TadFactory] Reading exception during: "readLongAtAddressSafely(0x020051e8, QueueDefinition.pcTail)"
20:10:05.740 ERROR: [TadFactory] Reading exception during: "readLongAtAddressSafely(0x020051e8, QueueDefinition.u.pcReadFrom)"
20:10:06.741 ERROR: [TadFactory] Reading exception during: "readLongAtAddressSafely(0x020051e8, QueueDefinition.pcWriteTo)"
20:10:07.742 INFO: [FreeRTOS] FreeRTOS macro "configUSE_TRACE_FACILITY" is disabled.
20:10:08.743 ERROR: [TadFactory] Reading exception during: "readIntAtAddressSafely(0x020051e8, QueueDefinition.xTasksWaitingToSend.uxNumberOfItems)"
20:10:09.744 ERROR: [TadFactory] Reading exception during: "readIntAtAddressSafely(0x020051e8, QueueDefinition.xTasksWaitingToReceive.uxNumberOfItems)"
20:10:10.747 ERROR: [TadFactory] Reading exception during: "readAddressOfVariableSafely(xQueueRegistry[6])"
20:10:10.747 ERROR: [QueueFactory] Cannot read information from "xQueueRegistry[6]".
20:10:11.748 ERROR: [TadFactory] Reading exception during: "readAddressOfVariableSafely(xQueueRegistry[7])"
20:10:11.748 ERROR: [QueueFactory] Cannot read information from "xQueueRegistry[7]".
20:10:12.749 ERROR: [TadFactory] Reading exception during: "readAddressOfVariableSafely(xQueueRegistry[8])"
20:10:12.750 ERROR: [QueueFactory] Cannot read information from "xQueueRegistry[8]".
20:10:13.751 ERROR: [TadFactory] Reading exception during: "readAddressOfVariableSafely(xQueueRegistry[9])"
20:10:13.751 ERROR: [QueueFactory] Cannot read information from "xQueueRegistry[9]".
20:10:13.752 INFO: [TadState] TAD state changed:  DEBUG_RESUMED -> READY (SUSPENDED, SIGNAL)
20:10:16.671 INFO: [Benchmark] Loading data for "Task List" took 18125 ms.
20:10:16.671 INFO: [Benchmark] Loading data for "Task List" has started.
20:10:18.475 INFO: [Benchmark] Loading data for "Task List" took 1804 ms.
20:10:28.352 INFO: [TadState] TAD state changed:  READY -> DEBUG_RESUMED (RESUMED, USER_REQUEST)
20:10:47.656 INFO: [TadState] TAD state changed:  DEBUG_RESUMED -> READY (SUSPENDED, BREAKPOINT)
20:10:47.657 INFO: [Benchmark] Loading data for "Task List" has started.
20:10:53.784 INFO: [Benchmark] Loading data for "Task List" took 6128 ms.
20:11:21.123 INFO: [TadState] TAD state changed:  READY -> DEBUG_RESUMED (RESUMED, USER_REQUEST)
20:11:21.458 INFO: [TadState] TAD state changed:  DEBUG_RESUMED -> READY (SUSPENDED, BREAKPOINT)
20:11:21.459 INFO: [Benchmark] Loading data for "Task List" has started.
20:11:26.473 INFO: [TadState] TAD state changed:  READY -> DEBUG_RESUMED (RESUMED, USER_REQUEST)
20:11:28.474 ERROR: [MemoryReader] Read bytes method timed out!
20:11:28.474 INFO: [TadState] TAD state changed:  DEBUG_RESUMED -> READY (SUSPENDED, BREAKPOINT)
20:11:28.475 EXCEPTION: [TadModel] NullPointerException while "Task List" data load.
	com.nxp.freertos.gdb.tad.model.readers.MemoryReader.readMemoryUntilZero(MemoryReader.java:150)
	com.nxp.freertos.gdb.tad.controller.TadFactory.readMemoryUntilZero(TadFactory.java:354)
	com.nxp.freertos.gdb.tad.controller.TadFactory.readTextAtAddress(TadFactory.java:192)
	com.nxp.freertos.gdb.tad.controller.TadFactory.readTaskName(TadFactory.java:306)
	com.nxp.freertos.gdb.tad.controller.tasklist.TaskFactory.readTasksFromList(TaskFactory.java:196)
	com.nxp.freertos.gdb.tad.controller.tasklist.TaskFactory.getData(TaskFactory.java:140)
	com.nxp.freertos.gdb.tad.model.TadModel$2.execute(TadModel.java:242)
	com.nxp.freertos.gdb.tad.model.TadModel$3.run(TadModel.java:352)
20:11:28.476 INFO: [Benchmark] Loading data for "Task List" has started.
20:11:34.336 INFO: [Benchmark] Loading data for "Task List" took 5860 ms.
20:13:27.354 INFO: [TadModel] DSF session ID 7 has ended.
